<?xml version="1.0" encoding="UTF-8"?>
<!-- Generated by org.testng.reporters.JUnitReportReporter -->
<testsuite hostname="LAPTOP-D4RH5SI9" failures="0" tests="1" name="Practice.StringPrograms" time="0.030" errors="0" timestamp="2023-12-30T23:14:58 GMT+05:30" skipped="0">
  <testcase classname="Practice.StringPrograms" name="duplicateWordsInASentenceUingMap" time="0.030"/>
  <system-out/>
</testsuite> <!-- Practice.StringPrograms -->
