<?xml version="1.0" encoding="UTF-8"?>
<!-- Generated by org.testng.reporters.JUnitReportReporter -->
<testsuite hostname="LAPTOP-D4RH5SI9" failures="0" tests="1" name="Practice.Arrays" time="0.024" errors="0" timestamp="2024-01-01T21:55:57 GMT+05:30" skipped="0">
  <testcase classname="Practice.Arrays" name="maxLengthWordUsingMap" time="0.024"/>
  <system-out/>
</testsuite> <!-- Practice.Arrays -->
