<?xml version="1.0" encoding="UTF-8"?>
<!-- Generated by org.testng.reporters.JUnitReportReporter -->
<testsuite hostname="LAPTOP-D4RH5SI9" failures="0" tests="1" name="Practice.Interview" time="0.023" errors="0" timestamp="2023-12-22T13:28:23 GMT+05:30" skipped="0">
  <testcase classname="Practice.Interview" name="secondLargest" time="0.023"/>
  <system-out/>
</testsuite> <!-- Practice.Interview -->
