<?xml version="1.0" encoding="UTF-8"?>
<!-- Generated by org.testng.reporters.JUnitReportReporter -->
<testsuite hostname="LAPTOP-D4RH5SI9" failures="0" tests="1" name="Arrays.moveNumbersToRight" time="0.043" errors="0" timestamp="2023-12-21T15:06:54 GMT+05:30" skipped="0">
  <testcase classname="Arrays.moveNumbersToRight" name="test" time="0.043"/>
  <system-out/>
</testsuite> <!-- Arrays.moveNumbersToRight -->
