<?xml version="1.0" encoding="UTF-8"?>
<!-- Generated by org.testng.reporters.JUnitReportReporter -->
<testsuite hostname="LAPTOP-D4RH5SI9" failures="0" tests="1" name="Practice.NumberSeries" time="0.020" errors="0" timestamp="2023-12-22T09:54:12 GMT+05:30" skipped="0">
  <testcase classname="Practice.NumberSeries" name="secondLargest" time="0.020"/>
  <system-out/>
</testsuite> <!-- Practice.NumberSeries -->
