<?xml version="1.0" encoding="UTF-8"?>
<!-- Generated by org.testng.reporters.JUnitReportReporter -->
<testsuite hostname="LAPTOP-D4RH5SI9" failures="0" tests="1" name="String.RemoveRepeatedWordsInaSentenceMap" time="0.020" errors="0" timestamp="2023-12-30T23:15:44 GMT+05:30" skipped="0">
  <testcase classname="String.RemoveRepeatedWordsInaSentenceMap" name="remove" time="0.020"/>
  <system-out/>
</testsuite> <!-- String.RemoveRepeatedWordsInaSentenceMap -->
