<?xml version="1.0" encoding="UTF-8"?>
<!-- Generated by org.testng.reporters.JUnitReportReporter -->
<testsuite hostname="LAPTOP-D4RH5SI9" failures="0" tests="1" name="Practice.StringPrograms" time="0.023" errors="0" timestamp="2024-01-01T23:13:21 GMT+05:30" skipped="0">
  <testcase classname="Practice.StringPrograms" name="ILOVEINDIA" time="0.023"/>
  <system-out/>
</testsuite> <!-- Practice.StringPrograms -->
