<?xml version="1.0" encoding="UTF-8"?>
<!-- Generated by org.testng.reporters.JUnitReportReporter -->
<testsuite hostname="LAPTOP-D4RH5SI9" failures="0" tests="1" name="Practice.Pattern" time="0.176" errors="0" timestamp="2023-12-13T17:08:46 GMT+05:30" skipped="0">
  <testcase classname="Practice.Pattern" name="pattern6" time="0.176"/>
  <system-out/>
</testsuite> <!-- Practice.Pattern -->
